2025-04-20 16:49:12,950 [INFO] Activator:176 - 


2025-04-20 16:49:12,958 [INFO] Activator:177 - !SESSION log4j initialized
2025-04-20 16:49:21,795 [INFO] LogOutputStream:77 - [STDOUT_REDIRECT] 
2025-04-20 16:49:26,764 [INFO] ApplicationProperties:184 - Using Application install path: C:\ST\STM32CubeIDE_1.17.0\STM32CubeIDE\plugins\com.st.stm32cube.common.mx_6.14.0.202502271554
2025-04-20 16:49:26,828 [INFO] DbMcusXml:78 - Set database path to: C:\ST\STM32CubeIDE_1.17.0\STM32CubeIDE\plugins\com.st.stm32cube.common.mx_6.14.0.202502271554\\db\/mcu/
2025-04-20 16:49:26,829 [INFO] ApiDb:274 - Set plugin database path to: C:\ST\STM32CubeIDE_1.17.0\STM32CubeIDE\plugins\com.st.stm32cube.common.mx_6.14.0.202502271554\\db\/plugins/boardmanager/
2025-04-20 16:49:26,830 [WARN] ApiDb:259 - Overriding images path with different value:  => C:\ST\STM32CubeIDE_1.17.0\STM32CubeIDE\plugins\com.st.stm32cube.common.mx_6.14.0.202502271554\\db\/plugins/mcufinder/images/
2025-04-20 16:49:26,864 [INFO] ApiDb:250 - Set database path to: C:\Users\yff7pd\.stmcufinder\plugins\mcufinder//mcu/
2025-04-20 16:49:26,869 [INFO] DbMcusAds:125 - Set database path to: C:\Users\yff7pd\.stmcufinder\plugins\mcufinder//mcu/
2025-04-20 16:49:26,879 [INFO] CrossReferenceDbSqlite:203 - Set database path to: C:\Users\yff7pd\.stmcufinder\plugins\mcufinder//mcu/cs/
2025-04-20 16:49:27,288 [INFO] RulesReader:64 - Compatibility file has been processed (301 Rules)
2025-04-20 16:49:27,700 [INFO] DbMcusXml:78 - Set database path to: C:\ST\STM32CubeIDE_1.17.0\STM32CubeIDE\plugins\com.st.stm32cube.common.mx_6.14.0.202502271554\\db\/mcu/
2025-04-20 16:49:27,700 [INFO] ApiDb:274 - Set plugin database path to: C:\ST\STM32CubeIDE_1.17.0\STM32CubeIDE\plugins\com.st.stm32cube.common.mx_6.14.0.202502271554\\db\/plugins/boardmanager/
2025-04-20 16:49:27,700 [INFO] ApiDb:261 - Set plugin images path to: C:\ST\STM32CubeIDE_1.17.0\STM32CubeIDE\plugins\com.st.stm32cube.common.mx_6.14.0.202502271554\\db\/plugins/mcufinder/images/
2025-04-20 16:49:27,701 [WARN] DbFile:41 - Overriding database path with different value: C:\Users\yff7pd\.stmcufinder\plugins\mcufinder/ => C:\Users\yff7pd\.stmcufinder\plugins\mcufinder
2025-04-20 16:49:27,701 [INFO] ApiDb:250 - Set database path to: C:\Users\yff7pd\.stmcufinder\plugins\mcufinder//mcu/
2025-04-20 16:49:27,701 [WARN] DbFile:41 - Overriding database path with different value: C:\Users\yff7pd\.stmcufinder\plugins\mcufinder/ => C:\Users\yff7pd\.stmcufinder\plugins\mcufinder
2025-04-20 16:49:27,701 [INFO] DbMcusAds:125 - Set database path to: C:\Users\yff7pd\.stmcufinder\plugins\mcufinder//mcu/
2025-04-20 16:49:27,702 [WARN] DbFile:41 - Overriding database path with different value: C:\Users\yff7pd\.stmcufinder\plugins\mcufinder/ => C:\Users\yff7pd\.stmcufinder\plugins\mcufinder
2025-04-20 16:49:27,702 [WARN] DbFile:41 - Overriding database path with different value: C:\Users\yff7pd\.stmcufinder\plugins\mcufinder/ => C:\Users\yff7pd\.stmcufinder\plugins\mcufinder
2025-04-20 16:49:27,702 [INFO] CrossReferenceDbSqlite:203 - Set database path to: C:\Users\yff7pd\.stmcufinder\plugins\mcufinder//mcu/cs/
2025-04-20 16:49:27,861 [INFO] MainPanel:272 - HeapMemory: 268435456
2025-04-20 16:49:28,141 [INFO] DbMcusXml:78 - Set database path to: C:\ST\STM32CubeIDE_1.17.0\STM32CubeIDE\plugins\com.st.stm32cube.common.mx_6.14.0.202502271554\\db\/mcu/
2025-04-20 16:49:28,141 [INFO] ApiDb:274 - Set plugin database path to: C:\ST\STM32CubeIDE_1.17.0\STM32CubeIDE\plugins\com.st.stm32cube.common.mx_6.14.0.202502271554\\db\/plugins/boardmanager/
2025-04-20 16:49:28,141 [INFO] ApiDb:261 - Set plugin images path to: C:\ST\STM32CubeIDE_1.17.0\STM32CubeIDE\plugins\com.st.stm32cube.common.mx_6.14.0.202502271554\\db\/plugins/mcufinder/images/
2025-04-20 16:49:28,143 [WARN] DbFile:41 - Overriding database path with different value: C:\Users\yff7pd\.stmcufinder\plugins\mcufinder/ => C:\Users\yff7pd\.stmcufinder\plugins\mcufinder
2025-04-20 16:49:28,143 [INFO] ApiDb:250 - Set database path to: C:\Users\yff7pd\.stmcufinder\plugins\mcufinder//mcu/
2025-04-20 16:49:28,143 [WARN] DbFile:41 - Overriding database path with different value: C:\Users\yff7pd\.stmcufinder\plugins\mcufinder/ => C:\Users\yff7pd\.stmcufinder\plugins\mcufinder
2025-04-20 16:49:28,143 [INFO] DbMcusAds:125 - Set database path to: C:\Users\yff7pd\.stmcufinder\plugins\mcufinder//mcu/
2025-04-20 16:49:28,144 [WARN] DbFile:41 - Overriding database path with different value: C:\Users\yff7pd\.stmcufinder\plugins\mcufinder/ => C:\Users\yff7pd\.stmcufinder\plugins\mcufinder
2025-04-20 16:49:28,144 [WARN] DbFile:41 - Overriding database path with different value: C:\Users\yff7pd\.stmcufinder\plugins\mcufinder/ => C:\Users\yff7pd\.stmcufinder\plugins\mcufinder
2025-04-20 16:49:28,144 [INFO] CrossReferenceDbSqlite:203 - Set database path to: C:\Users\yff7pd\.stmcufinder\plugins\mcufinder//mcu/cs/
2025-04-20 16:49:28,190 [INFO] ApplicationProperties:184 - Using Application install path: C:\ST\STM32CubeIDE_1.17.0\STM32CubeIDE\plugins\com.st.stm32cube.common.mx_6.14.0.202502271554
2025-04-20 16:49:28,193 [INFO] PluginManage:196 - Search for loadable plugins [exclusion list=, ]
2025-04-20 16:49:28,196 [INFO] PluginManage:310 - Check plugin analytics
2025-04-20 16:49:28,749 [INFO] AnalyticsPlugin:253 - Accepted Software Licenses: 
2025-04-20 16:49:28,750 [INFO] AnalyticsPlugin:255 - Accepted CMSIS Pack Licenses: 
2025-04-20 16:49:28,750 [INFO] AnalyticsPlugin:257 - Accepted Firmware Licenses: 
2025-04-20 16:49:28,758 [INFO] PluginManage:359 - Loaded plugin analytics (category:tool,tabindex:-1)
2025-04-20 16:49:28,758 [INFO] PluginManage:310 - Check plugin cadmodel
2025-04-20 16:49:28,770 [INFO] CADModel:105 - Init CAD model plugin
2025-04-20 16:49:28,770 [INFO] PluginManage:359 - Loaded plugin cadmodel (category:power,tabindex:5)
2025-04-20 16:49:28,771 [INFO] PluginManage:310 - Check plugin clock
2025-04-20 16:49:28,792 [INFO] PluginManage:359 - Loaded plugin clock (category:base,tabindex:2)
2025-04-20 16:49:28,793 [INFO] PluginManage:310 - Check plugin ddr
2025-04-20 16:49:28,797 [INFO] PluginManage:359 - Loaded plugin ddr (category:tool,tabindex:6)
2025-04-20 16:49:28,797 [INFO] PluginManage:310 - Check plugin filemanager
2025-04-20 16:49:29,012 [INFO] PluginManage:359 - Loaded plugin filemanager (category:base,tabindex:10)
2025-04-20 16:49:29,012 [INFO] PluginManage:310 - Check plugin ipmanager
2025-04-20 16:49:29,024 [INFO] PluginManage:359 - Loaded plugin ipmanager (category:base,tabindex:5)
2025-04-20 16:49:29,024 [INFO] PluginManage:310 - Check plugin lpbam
2025-04-20 16:49:29,037 [INFO] PluginManage:359 - Loaded plugin lpbam (category:base,tabindex:0)
2025-04-20 16:49:29,037 [INFO] PluginManage:310 - Check plugin memorymap
2025-04-20 16:49:29,060 [INFO] PluginManage:359 - Loaded plugin memorymap (category:base,tabindex:4)
2025-04-20 16:49:29,060 [INFO] PluginManage:310 - Check plugin pinoutandconfiguration
2025-04-20 16:49:29,074 [INFO] PluginManage:359 - Loaded plugin pinoutandconfiguration (category:base,tabindex:1)
2025-04-20 16:49:29,075 [INFO] PluginManage:310 - Check plugin pinoutconfig
2025-04-20 16:49:29,216 [WARN] SupportedApi:132 - Cannot load RTOS API schema: s4s-elt-must-match.1: The content of 'definitions' must match (annotation?, (simpleType | complexType)?, (unique | key | keyref)*)). A problem was found starting at: attribute.
2025-04-20 16:49:29,456 [INFO] PluginManage:359 - Loaded plugin pinoutconfig (category:base,tabindex:0)
2025-04-20 16:49:29,456 [INFO] PluginManage:310 - Check plugin power
2025-04-20 16:49:29,473 [INFO] PluginManage:359 - Loaded plugin power (category:power,tabindex:4)
2025-04-20 16:49:29,474 [INFO] PluginManage:310 - Check plugin projectmanager
2025-04-20 16:49:29,498 [INFO] PluginManage:359 - Loaded plugin projectmanager (category:projectmanager,tabindex:4)
2025-04-20 16:49:29,498 [INFO] PluginManage:310 - Check plugin rif
2025-04-20 16:49:29,511 [INFO] PluginManage:359 - Loaded plugin rif (category:base,tabindex:3)
2025-04-20 16:49:29,511 [INFO] PluginManage:310 - Check plugin thirdparty
2025-04-20 16:49:29,749 [INFO] PluginManage:359 - Loaded plugin thirdparty (category:base,tabindex:-1)
2025-04-20 16:49:29,749 [WARN] IntegrityCheckThread:84 - waiting for thirdparty lock release [integrity check]
2025-04-20 16:49:29,749 [INFO] PluginManage:310 - Check plugin tools
2025-04-20 16:49:29,750 [INFO] IntegrityCheckThread:86 - entering critical section [integrity check]
2025-04-20 16:49:29,750 [INFO] ThirdPartyUpdaterWithRetryManager:70 - Updater plugin not ready yet. [1/15]
2025-04-20 16:49:29,753 [INFO] PluginManage:359 - Loaded plugin tools (category:base,tabindex:7)
2025-04-20 16:49:29,753 [INFO] PluginManage:310 - Check plugin tutovideos
2025-04-20 16:49:30,030 [INFO] PluginManage:359 - Loaded plugin tutovideos (category:base,tabindex:-1)
2025-04-20 16:49:30,031 [INFO] PluginManage:310 - Check plugin updater
2025-04-20 16:49:30,064 [INFO] PluginManage:359 - Loaded plugin updater (category:base,tabindex:12)
2025-04-20 16:49:30,064 [INFO] PluginManage:310 - Check plugin userauth
2025-04-20 16:49:30,070 [INFO] UserAuth:118 - Init User Auth plugin
2025-04-20 16:49:30,072 [INFO] PluginManage:359 - Loaded plugin userauth (category:base,tabindex:14)
2025-04-20 16:49:30,072 [INFO] PluginManage:283 - PluginManage : Loaded plugins [18]
2025-04-20 16:49:30,399 [INFO] PinOutPanel:1589 - setPackage(No Configuration,No Configuration)
2025-04-20 16:49:30,555 [INFO] CADModel:165 - CPN selected for project level
2025-04-20 16:49:30,555 [INFO] CADModel:114 - Register for checkConnection events
2025-04-20 16:49:30,590 [INFO] IPUIPlugin:80 - create IPUIPlugin
2025-04-20 16:49:30,590 [INFO] PluginManager:220 - loadIPPluginJar : add adc
2025-04-20 16:49:30,596 [INFO] IPUIPlugin:80 - create IPUIPlugin
2025-04-20 16:49:30,596 [INFO] PluginManager:220 - loadIPPluginJar : add aes
2025-04-20 16:49:30,601 [INFO] IPUIPlugin:80 - create IPUIPlugin
2025-04-20 16:49:30,602 [INFO] PluginManager:220 - loadIPPluginJar : add can
2025-04-20 16:49:30,605 [INFO] IPUIPlugin:80 - create IPUIPlugin
2025-04-20 16:49:30,605 [INFO] PluginManager:220 - loadIPPluginJar : add comp
2025-04-20 16:49:30,611 [INFO] IPUIPlugin:80 - create IPUIPlugin
2025-04-20 16:49:30,611 [INFO] PluginManager:220 - loadIPPluginJar : add cryp
2025-04-20 16:49:30,617 [INFO] IPUIPlugin:80 - create IPUIPlugin
2025-04-20 16:49:30,618 [INFO] PluginManager:220 - loadIPPluginJar : add ddr_ctrl_phy
2025-04-20 16:49:30,624 [INFO] IPUIPlugin:80 - create IPUIPlugin
2025-04-20 16:49:30,624 [INFO] PluginManager:220 - loadIPPluginJar : add dfsdm
2025-04-20 16:49:30,633 [INFO] IPUIPlugin:80 - create IPUIPlugin
2025-04-20 16:49:30,634 [INFO] PluginManager:220 - loadIPPluginJar : add dma
2025-04-20 16:49:30,640 [INFO] IPUIPlugin:80 - create IPUIPlugin
2025-04-20 16:49:30,640 [INFO] PluginManager:220 - loadIPPluginJar : add dma3
2025-04-20 16:49:30,645 [INFO] IPUIPlugin:80 - create IPUIPlugin
2025-04-20 16:49:30,646 [INFO] PluginManager:220 - loadIPPluginJar : add extmemmanager
2025-04-20 16:49:30,652 [INFO] IPUIPlugin:80 - create IPUIPlugin
2025-04-20 16:49:30,652 [INFO] PluginManager:220 - loadIPPluginJar : add fatfs
2025-04-20 16:49:30,658 [INFO] IPUIPlugin:80 - create IPUIPlugin
2025-04-20 16:49:30,658 [INFO] PluginManager:220 - loadIPPluginJar : add fmc
2025-04-20 16:49:30,668 [INFO] IPUIPlugin:80 - create IPUIPlugin
2025-04-20 16:49:30,668 [INFO] PluginManager:220 - loadIPPluginJar : add freertos
2025-04-20 16:49:30,671 [INFO] IPUIPlugin:80 - create IPUIPlugin
2025-04-20 16:49:30,672 [INFO] PluginManager:220 - loadIPPluginJar : add genericplugin
2025-04-20 16:49:30,679 [INFO] IPUIPlugin:80 - create IPUIPlugin
2025-04-20 16:49:30,679 [INFO] PluginManager:220 - loadIPPluginJar : add gfxmmu
2025-04-20 16:49:30,689 [INFO] IPUIPlugin:80 - create IPUIPlugin
2025-04-20 16:49:30,690 [INFO] PluginManager:220 - loadIPPluginJar : add gic
2025-04-20 16:49:30,697 [INFO] IPUIPlugin:80 - create IPUIPlugin
2025-04-20 16:49:30,697 [INFO] PluginManager:220 - loadIPPluginJar : add gpio
2025-04-20 16:49:30,704 [INFO] IPUIPlugin:80 - create IPUIPlugin
2025-04-20 16:49:30,705 [INFO] PluginManager:220 - loadIPPluginJar : add gtzc
2025-04-20 16:49:30,709 [INFO] IPUIPlugin:80 - create IPUIPlugin
2025-04-20 16:49:30,709 [INFO] PluginManager:220 - loadIPPluginJar : add hash
2025-04-20 16:49:30,714 [INFO] IPUIPlugin:80 - create IPUIPlugin
2025-04-20 16:49:30,715 [INFO] PluginManager:220 - loadIPPluginJar : add i2c
2025-04-20 16:49:30,718 [INFO] IPUIPlugin:80 - create IPUIPlugin
2025-04-20 16:49:30,719 [INFO] PluginManager:220 - loadIPPluginJar : add i2s
2025-04-20 16:49:30,723 [INFO] IPUIPlugin:80 - create IPUIPlugin
2025-04-20 16:49:30,723 [INFO] PluginManager:220 - loadIPPluginJar : add i3c
2025-04-20 16:49:30,728 [INFO] IPUIPlugin:80 - create IPUIPlugin
2025-04-20 16:49:30,728 [INFO] PluginManager:220 - loadIPPluginJar : add ipddr
2025-04-20 16:49:30,740 [INFO] IPUIPlugin:80 - create IPUIPlugin
2025-04-20 16:49:30,741 [INFO] PluginManager:220 - loadIPPluginJar : add linkedlist
2025-04-20 16:49:30,746 [INFO] IPUIPlugin:80 - create IPUIPlugin
2025-04-20 16:49:30,746 [INFO] PluginManager:220 - loadIPPluginJar : add lorawan
2025-04-20 16:49:30,749 [INFO] IPUIPlugin:80 - create IPUIPlugin
2025-04-20 16:49:30,749 [INFO] PluginManager:220 - loadIPPluginJar : add ltdc
2025-04-20 16:49:30,756 [INFO] IPUIPlugin:80 - create IPUIPlugin
2025-04-20 16:49:30,756 [INFO] PluginManager:220 - loadIPPluginJar : add mdma
2025-04-20 16:49:30,761 [INFO] IPUIPlugin:80 - create IPUIPlugin
2025-04-20 16:49:30,761 [INFO] PluginManager:220 - loadIPPluginJar : add nvic
2025-04-20 16:49:30,766 [INFO] IPUIPlugin:80 - create IPUIPlugin
2025-04-20 16:49:30,767 [INFO] PluginManager:220 - loadIPPluginJar : add opamp
2025-04-20 16:49:30,771 [INFO] IPUIPlugin:80 - create IPUIPlugin
2025-04-20 16:49:30,771 [INFO] PluginManager:220 - loadIPPluginJar : add openamp
2025-04-20 16:49:30,776 [INFO] IPUIPlugin:80 - create IPUIPlugin
2025-04-20 16:49:30,776 [INFO] PluginManager:220 - loadIPPluginJar : add pdm2pcm
2025-04-20 16:49:30,783 [INFO] IPUIPlugin:80 - create IPUIPlugin
2025-04-20 16:49:30,786 [INFO] PluginManager:220 - loadIPPluginJar : add plateformsettings
2025-04-20 16:49:30,788 [INFO] IPUIPlugin:80 - create IPUIPlugin
2025-04-20 16:49:30,788 [INFO] PluginManager:220 - loadIPPluginJar : add quadspi
2025-04-20 16:49:30,791 [INFO] IPUIPlugin:80 - create IPUIPlugin
2025-04-20 16:49:30,791 [INFO] PluginManager:220 - loadIPPluginJar : add radio
2025-04-20 16:49:30,797 [INFO] IPUIPlugin:80 - create IPUIPlugin
2025-04-20 16:49:30,797 [INFO] PluginManager:220 - loadIPPluginJar : add resmgrutility
2025-04-20 16:49:30,801 [INFO] IPUIPlugin:80 - create IPUIPlugin
2025-04-20 16:49:30,802 [INFO] PluginManager:220 - loadIPPluginJar : add sai
2025-04-20 16:49:30,804 [INFO] IPUIPlugin:80 - create IPUIPlugin
2025-04-20 16:49:30,804 [INFO] PluginManager:220 - loadIPPluginJar : add spi
2025-04-20 16:49:30,812 [INFO] IPUIPlugin:80 - create IPUIPlugin
2025-04-20 16:49:30,812 [INFO] PluginManager:220 - loadIPPluginJar : add stm32_wpan
2025-04-20 16:49:30,815 [INFO] IPUIPlugin:80 - create IPUIPlugin
2025-04-20 16:49:30,815 [INFO] PluginManager:220 - loadIPPluginJar : add tim
2025-04-20 16:49:30,819 [INFO] IPUIPlugin:80 - create IPUIPlugin
2025-04-20 16:49:30,819 [INFO] PluginManager:220 - loadIPPluginJar : add touchsensing
2025-04-20 16:49:30,822 [INFO] IPUIPlugin:80 - create IPUIPlugin
2025-04-20 16:49:30,822 [INFO] PluginManager:220 - loadIPPluginJar : add tracer_emb
2025-04-20 16:49:30,825 [INFO] IPUIPlugin:80 - create IPUIPlugin
2025-04-20 16:49:30,825 [INFO] PluginManager:220 - loadIPPluginJar : add ts
2025-04-20 16:49:30,827 [INFO] IPUIPlugin:80 - create IPUIPlugin
2025-04-20 16:49:30,827 [INFO] PluginManager:220 - loadIPPluginJar : add tsc
2025-04-20 16:49:30,830 [INFO] IPUIPlugin:80 - create IPUIPlugin
2025-04-20 16:49:30,830 [INFO] PluginManager:220 - loadIPPluginJar : add ucpd
2025-04-20 16:49:30,833 [INFO] IPUIPlugin:80 - create IPUIPlugin
2025-04-20 16:49:30,834 [INFO] PluginManager:220 - loadIPPluginJar : add usart
2025-04-20 16:49:30,838 [INFO] IPUIPlugin:80 - create IPUIPlugin
2025-04-20 16:49:30,838 [INFO] PluginManager:220 - loadIPPluginJar : add usbx
2025-04-20 16:49:30,992 [FATAL] Updater:351 - Updater called before beeing initialized
2025-04-20 16:49:31,033 [INFO] RulesReader:64 - Compatibility file has been processed (301 Rules)
2025-04-20 16:49:31,052 [INFO] RulesReader:64 - Compatibility file has been processed (301 Rules)
2025-04-20 16:49:31,076 [INFO] CADModel:165 - CPN selected for project level
2025-04-20 16:49:31,076 [INFO] CADModel:114 - Register for checkConnection events
2025-04-20 16:49:31,077 [FATAL] Updater:351 - Updater called before beeing initialized
2025-04-20 16:49:31,077 [ERROR] CADModel:125 - Updater not yet initialized, retry later 
2025-04-20 16:49:31,459 [FATAL] Updater:351 - Updater called before beeing initialized
2025-04-20 16:49:31,461 [INFO] CADModel:165 - CPN selected for project level
2025-04-20 16:49:31,461 [INFO] CADModel:114 - Register for checkConnection events
2025-04-20 16:49:31,462 [FATAL] Updater:351 - Updater called before beeing initialized
2025-04-20 16:49:31,462 [ERROR] CADModel:125 - Updater not yet initialized, retry later 
2025-04-20 16:49:31,466 [FATAL] Updater:351 - Updater called before beeing initialized
2025-04-20 16:49:31,626 [FATAL] Updater:351 - Updater called before beeing initialized
2025-04-20 16:49:31,631 [INFO] DbMcusAds:53 - JSON generation date=Thu Sep 30 02:55:09 EDT 2021 (1632984909247)
2025-04-20 16:49:31,631 [FATAL] Updater:351 - Updater called before beeing initialized
2025-04-20 16:49:31,783 [WARN] DetailPanel:346 - Failed to get advertising image, set to default
2025-04-20 16:49:32,081 [FATAL] Updater:351 - Updater called before beeing initialized
2025-04-20 16:49:32,084 [FATAL] Updater:351 - Updater called before beeing initialized
2025-04-20 16:49:32,084 [FATAL] Updater:351 - Updater called before beeing initialized
2025-04-20 16:49:32,085 [WARN] DetailPanel:346 - Failed to get advertising image, set to default
2025-04-20 16:49:32,086 [FATAL] Updater:351 - Updater called before beeing initialized
2025-04-20 16:49:32,160 [ERROR] Updater:1198 - MainUpdater not yet initialized. External WinMGr cannot be set.
2025-04-20 16:49:32,163 [INFO] Updater:1134 - Updater Version found : 6.14.0
2025-04-20 16:49:32,191 [INFO] ApplicationProperties:184 - Using Application install path: C:\ST\STM32CubeIDE_1.17.0\STM32CubeIDE\plugins\com.st.stm32cube.common.mx_6.14.0.202502271554
2025-04-20 16:49:32,752 [INFO] ThirdPartyUpdaterWithRetryManager:70 - Updater plugin not ready yet. [2/15]
2025-04-20 16:49:33,779 [ERROR] LogOutputStream:75 - [STDERR_REDIRECT] Apr 20, 2025 4:49:33 PM java.util.prefs.WindowsPreferences <init>
2025-04-20 16:49:33,781 [ERROR] LogOutputStream:75 - [STDERR_REDIRECT] WARNING: Could not open/create prefs root node Software\JavaSoft\Prefs at root 0xffffffff80000002. Windows RegCreateKeyEx(...) returned error code 5.
2025-04-20 16:49:33,782 [ERROR] LogOutputStream:75 - [STDERR_REDIRECT] 
2025-04-20 16:49:34,281 [INFO] MainUpdater:2872 - connection check result : 10
2025-04-20 16:49:34,282 [INFO] MainUpdater:3566 - Updater definition file requires update
2025-04-20 16:49:34,284 [INFO] MainUpdater:289 - Updater Check For Update Now.
2025-04-20 16:49:34,284 [INFO] MicroXplorer:498 - Change Database Version : DB.6.0.140
2025-04-20 16:49:34,303 [INFO] McuFinderGlobals:63 - Set McuFinder mode to 2 (CubeIDE integrated)
2025-04-20 16:49:34,304 [INFO] UserAuth:171 - activating auth plugin
2025-04-20 16:49:34,310 [INFO] UserAuth:486 - Internet connection configuration mode: 1
2025-04-20 16:49:34,347 [INFO] JxBrowserEngine:152 - Initiate JxBrowser Engine with user profile folder
2025-04-20 16:49:34,715 [INFO] ServerAccessManage:473 - Download File updaters.zip
2025-04-20 16:49:34,826 [INFO] FileExtend:242 - Unzip File : updaters.zip
2025-04-20 16:49:34,827 [INFO] FileExtend:257 - Standard Zip Deflate
2025-04-20 16:49:35,275 [INFO] ServerAccessManage:473 - Download File PacksControlFlags.xml
2025-04-20 16:49:35,425 [INFO] ServerAccessManage:473 - Download File cubemx.pidx
2025-04-20 16:49:35,754 [WARN] MainUpdater:1193 - Updater busy. Cannot search thirdparties
2025-04-20 16:49:35,754 [INFO] ThirdPartyUpdaterWithRetryManager:96 - Updater plugin is busy. [1/15]
2025-04-20 16:49:36,044 [INFO] ServerAccessManage:473 - Download File STMicroelectronics.X-CUBE-DPOWER.pdsc
2025-04-20 16:49:36,505 [ERROR] ServerAccessManage:1089 - Problem, file not found on Server
2025-04-20 16:49:37,022 [ERROR] ServerAccessManage:1089 - Problem, file not found on Server
2025-04-20 16:49:37,305 [ERROR] ServerAccessManage:1089 - Problem, file not found on Server
2025-04-20 16:49:37,639 [ERROR] ServerAccessManage:1089 - Problem, file not found on Server
2025-04-20 16:49:38,032 [ERROR] ServerAccessManage:1089 - Problem, file not found on Server
2025-04-20 16:49:38,312 [ERROR] ServerAccessManage:1089 - Problem, file not found on Server
2025-04-20 16:49:38,673 [ERROR] ServerAccessManage:1089 - Problem, file not found on Server
2025-04-20 16:49:38,757 [WARN] MainUpdater:1193 - Updater busy. Cannot search thirdparties
2025-04-20 16:49:38,757 [INFO] ThirdPartyUpdaterWithRetryManager:96 - Updater plugin is busy. [2/15]
2025-04-20 16:49:39,060 [ERROR] ServerAccessManage:1089 - Problem, file not found on Server
2025-04-20 16:49:39,450 [ERROR] ServerAccessManage:1089 - Problem, file not found on Server
2025-04-20 16:49:39,484 [INFO] WebApp:169 - Instantiating new browser for Auth
2025-04-20 16:49:39,956 [ERROR] ServerAccessManage:1089 - Problem, file not found on Server
2025-04-20 16:49:40,300 [ERROR] ServerAccessManage:1089 - Problem, file not found on Server
2025-04-20 16:49:40,933 [INFO] ServerAccessManage:473 - Download File STMicroelectronics.X-CUBE-MEMS1.pdsc
2025-04-20 16:49:41,771 [WARN] MainUpdater:1193 - Updater busy. Cannot search thirdparties
2025-04-20 16:49:41,771 [INFO] ThirdPartyUpdaterWithRetryManager:96 - Updater plugin is busy. [3/15]
2025-04-20 16:49:43,620 [INFO] WebApp:463 - Apply proxy settings
2025-04-20 16:49:43,620 [INFO] WebApp:548 - Chromium requires no authentication
2025-04-20 16:49:43,662 [INFO] WebApp:491 - Direct internet connection detected
2025-04-20 16:49:43,744 [INFO] WebApp:894 - Register for checkConnection events
2025-04-20 16:49:43,744 [INFO] WebApp:463 - Apply proxy settings
2025-04-20 16:49:43,744 [INFO] WebApp:548 - Chromium requires no authentication
2025-04-20 16:49:43,752 [INFO] WebApp:491 - Direct internet connection detected
2025-04-20 16:49:44,050 [INFO] WebApp:191 - Connection restablished
2025-04-20 16:49:44,388 [INFO] ServerAccessManage:473 - Download File STMicroelectronics.X-CUBE-TOF1.pdsc
2025-04-20 16:49:44,774 [WARN] MainUpdater:1193 - Updater busy. Cannot search thirdparties
2025-04-20 16:49:44,774 [INFO] ThirdPartyUpdaterWithRetryManager:96 - Updater plugin is busy. [4/15]
2025-04-20 16:49:45,225 [INFO] WebApp:225 - Starting web application
2025-04-20 16:49:45,225 [INFO] WebApp:593 - Web application path used C:\ST\STM32CubeIDE_1.17.0\STM32CubeIDE\plugins\com.st.stm32cube.common.mx_6.14.0.202502271554\db\plugins\mcufinder\reactClient1\index.html
2025-04-20 16:49:46,632 [ERROR] ServerAccessManage:1089 - Problem, file not found on Server
2025-04-20 16:49:46,740 [INFO] ServerAccessManage:473 - Download File STMicroelectronics.X-CUBE-TOUCHGFX.pdsc
2025-04-20 16:49:47,782 [WARN] MainUpdater:1193 - Updater busy. Cannot search thirdparties
2025-04-20 16:49:47,782 [INFO] ThirdPartyUpdaterWithRetryManager:96 - Updater plugin is busy. [5/15]
2025-04-20 16:49:48,307 [INFO] ServerAccessManage:473 - Download File STMicroelectronics.X-CUBE-AZRTOS-H7RS.pdsc
2025-04-20 16:49:49,871 [INFO] ServerAccessManage:473 - Download File Avnet-IotConnect.X-CUBE-IoTC-DA16k-PMOD.pdsc
2025-04-20 16:49:50,722 [INFO] CheckServerUpdateThread:120 - End of CheckServer Thread
2025-04-20 16:49:50,755 [WARN] PackLoader:240 - Cannot read IP mode file for STMicroelectronics.X-CUBE-DPower.1.3.0
2025-04-20 16:49:51,261 [WARN] PackLoader:240 - Cannot read IP mode file for STMicroelectronics.X-CUBE-MEMS1.11.2.0
2025-04-20 16:49:52,037 [WARN] PackLoader:240 - Cannot read IP mode file for STMicroelectronics.X-CUBE-TOF1.3.4.3
2025-04-20 16:49:52,121 [WARN] PackLoader:240 - Cannot read IP mode file for STMicroelectronics.X-CUBE-TOUCHGFX.4.25.0
2025-04-20 16:49:52,187 [WARN] PackLoader:240 - Cannot read IP mode file for STMicroelectronics.X-CUBE-AZRTOS-H7RS.1.1.0
2025-04-20 16:49:52,220 [WARN] PackLoader:240 - Cannot read IP mode file for Avnet-IotConnect.X-CUBE-IoTC-DA16k-PMOD.1.0.0
2025-04-20 16:49:52,220 [INFO] PopulateThirdPartyThread:66 - Ending populate Thread
2025-04-20 16:49:52,236 [INFO] ThirdParty:1030 - CMSIS Pack Vendor :STMicroelectronics X-CUBE-DPower 1.3.0
2025-04-20 16:49:52,237 [INFO] ThirdParty:1030 - CMSIS Pack Vendor :STMicroelectronics X-CUBE-TOF1 3.4.3
2025-04-20 16:49:52,237 [INFO] ThirdParty:1030 - CMSIS Pack Vendor :STMicroelectronics X-CUBE-MEMS1 11.2.0
2025-04-20 16:49:52,237 [INFO] ThirdParty:1030 - CMSIS Pack Vendor :STMicroelectronics X-CUBE-TOUCHGFX 4.25.0
2025-04-20 16:49:52,237 [INFO] ThirdParty:1030 - CMSIS Pack Vendor :Avnet-IotConnect X-CUBE-IoTC-DA16k-PMOD 1.0.0
2025-04-20 16:49:52,237 [INFO] ThirdParty:1030 - CMSIS Pack Vendor :STMicroelectronics X-CUBE-AZRTOS-H7RS 1.1.0
2025-04-20 16:49:52,237 [INFO] LoadServerUpdatesThread:375 - End of LoadServerUpdate Thread
2025-04-20 16:49:53,164 [WARN] PackLoader:240 - Cannot read IP mode file for STMicroelectronics.FP-SNS-MOTENVWB1.1.4.0
2025-04-20 16:49:53,249 [WARN] PackLoader:240 - Cannot read IP mode file for STMicroelectronics.FP-ATR-ASTRA1.2.0.2
2025-04-20 16:49:53,282 [WARN] PackLoader:240 - Cannot read IP mode file for STMicroelectronics.FP-ATR-ASTRA1.2.0.1
2025-04-20 16:49:53,339 [WARN] PackLoader:240 - Cannot read IP mode file for STMicroelectronics.X-CUBE-SMBUS.2.1.0
2025-04-20 16:49:53,407 [WARN] PackLoader:240 - Cannot read IP mode file for STMicroelectronics.X-CUBE-WB05N.1.1.0
2025-04-20 16:49:53,489 [WARN] PackLoader:240 - Cannot read IP mode file for STMicroelectronics.X-CUBE-AZRTOS-F7.1.1.0
2025-04-20 16:49:53,522 [WARN] PackLoader:240 - Cannot read IP mode file for STMicroelectronics.FP-SNS-FLIGHT1.5.0.2
2025-04-20 16:49:53,721 [WARN] PackLoader:240 - Cannot read IP mode file for Infineon.AIROC-Wi-Fi-Bluetooth-STM32.1.7.0
2025-04-20 16:49:53,829 [WARN] PackLoader:240 - Cannot read IP mode file for STMicroelectronics.X-CUBE-DISPLAY.3.0.0
2025-04-20 16:49:53,912 [WARN] PackLoader:240 - Cannot read IP mode file for STMicroelectronics.X-CUBE-BLE1.7.0.0
2025-04-20 16:49:53,953 [WARN] PackLoader:240 - Cannot read IP mode file for STMicroelectronics.X-CUBE-NFC10.1.0.0
2025-04-20 16:49:54,011 [WARN] PackLoader:240 - Cannot read IP mode file for STMicroelectronics.X-CUBE-BLEMGR.4.0.0
2025-04-20 16:49:54,052 [WARN] PackLoader:240 - Cannot read IP mode file for emotas.I-CUBE-CANOPEN.1.3.0
2025-04-20 16:49:54,068 [WARN] PackLoader:240 - Cannot read IP mode file for STMicroelectronics.X-CUBE-AI.10.0.0
2025-04-20 16:49:54,093 [WARN] PackLoader:240 - Cannot read IP mode file for STMicroelectronics.FP-SNS-SMARTAG2.1.2.0
2025-04-20 16:49:54,498 [WARN] PackLoader:240 - Cannot read IP mode file for STMicroelectronics.X-CUBE-MEMS1.11.1.0
2025-04-20 16:49:54,946 [INFO] LogOutputStream:77 - [STDOUT_REDIRECT] 1 : Invalid condition id : UX_CORESTACK_Condition cause : null
2025-04-20 16:49:54,954 [INFO] LogOutputStream:77 - [STDOUT_REDIRECT] 1 : Invalid condition id : UX_CORESTACK_Condition cause : null
2025-04-20 16:49:54,966 [INFO] LogOutputStream:77 - [STDOUT_REDIRECT] 1 : Invalid condition id : UX_CORESTACK_Condition cause : null
2025-04-20 16:49:54,971 [INFO] LogOutputStream:77 - [STDOUT_REDIRECT] 1 : Invalid condition id : UX_CORESTACK_Condition cause : null
2025-04-20 16:49:54,979 [INFO] LogOutputStream:77 - [STDOUT_REDIRECT] 1 : Invalid condition id : UX_CORESTACK_Condition cause : null
2025-04-20 16:49:54,988 [WARN] PackLoader:240 - Cannot read IP mode file for STMicroelectronics.X-CUBE-AZRTOS-WL.2.0.0
2025-04-20 16:49:55,013 [WARN] PackLoader:240 - Cannot read IP mode file for STMicroelectronics.FP-SNS-MOTENV1.5.0.0
2025-04-20 16:49:55,045 [WARN] PackLoader:240 - Cannot read IP mode file for WES.I-CUBE-Cesium.1.3.0
2025-04-20 16:49:55,070 [WARN] PackLoader:240 - Cannot read IP mode file for STMicroelectronics.X-CUBE-BLE2.3.3.0
2025-04-20 16:49:55,251 [WARN] PackLoader:240 - Cannot read IP mode file for STMicroelectronics.X-CUBE-NFC9.1.0.0
2025-04-20 16:49:55,413 [WARN] PackLoader:240 - Cannot read IP mode file for wolfSSL.I-CUBE-wolfMQTT.1.19.2
2025-04-20 16:49:55,669 [WARN] PackLoader:240 - Cannot read IP mode file for STMicroelectronics.X-CUBE-MEMS1.11.2.0
2025-04-20 16:49:56,158 [WARN] PackLoader:240 - Cannot read IP mode file for STMicroelectronics.X-CUBE-AZRTOS-G0.1.1.0
2025-04-20 16:49:56,215 [WARN] PackLoader:240 - Cannot read IP mode file for STMicroelectronics.X-CUBE-SAFEA1.1.2.2
2025-04-20 16:49:56,240 [WARN] PackLoader:240 - Cannot read IP mode file for STMicroelectronics.X-CUBE-NFC4.3.0.0
2025-04-20 16:49:56,314 [WARN] PackLoader:240 - Cannot read IP mode file for EmbeddedOffice.I-CUBE-FS-RTOS.1.0.1
2025-04-20 16:49:56,356 [WARN] PackLoader:240 - Cannot read IP mode file for wolfSSL.I-CUBE-wolfTPM.3.8.0
2025-04-20 16:49:56,381 [WARN] PackLoader:240 - Cannot read IP mode file for STMicroelectronics.X-CUBE-TCPP.4.2.0
2025-04-20 16:49:56,414 [WARN] PackLoader:240 - Cannot read IP mode file for RealThread.X-CUBE-RT-Thread_Nano.4.1.1
2025-04-20 16:49:56,456 [WARN] PackLoader:240 - Cannot read IP mode file for STMicroelectronics.FP-ATR-SIGFOX1.3.2.0
2025-04-20 16:49:56,480 [WARN] ConditionMgr:438 - getConditionDescription Invalid condition id : Cortex-A Device cause : null
2025-04-20 16:49:56,572 [WARN] ConditionMgr:1044 - genDependencies : Invalid condition id : Cortex-A Device cause : null
2025-04-20 16:49:56,572 [WARN] ConditionMgr:1044 - genDependencies : Invalid condition id : Cortex-A Device cause : null
2025-04-20 16:49:56,572 [WARN] ConditionMgr:1044 - genDependencies : Invalid condition id : Cortex-A Device cause : null
2025-04-20 16:49:56,598 [WARN] PackLoader:240 - Cannot read IP mode file for STMicroelectronics.X-CUBE-EEPRMA1.5.1.0
2025-04-20 16:49:56,622 [WARN] PackLoader:240 - Cannot read IP mode file for wolfSSL.I-CUBE-wolfSSL.5.7.6
2025-04-20 16:49:56,655 [WARN] PackLoader:240 - Cannot read IP mode file for ITTIA_DB.I-CUBE-ITTIADB.8.9.0
2025-04-20 16:49:56,741 [WARN] PackLoader:240 - Cannot read IP mode file for SEGGER.I-CUBE-embOS.1.3.1
2025-04-20 16:49:56,896 [WARN] PackLoader:240 - Cannot read IP mode file for STMicroelectronics.X-CUBE-ALGOBUILD.1.4.0
2025-04-20 16:49:56,987 [WARN] PackLoader:240 - Cannot read IP mode file for STMicroelectronics.X-CUBE-AZRTOS-F4.1.1.0
2025-04-20 16:49:57,003 [WARN] PackLoader:240 - Cannot read IP mode file for Avnet-IotConnect.X-CUBE-IoTC-DA16k-PMOD.1.0.0
2025-04-20 16:49:57,021 [WARN] PackLoader:240 - Cannot read IP mode file for STMicroelectronics.X-CUBE-ISPU.2.1.0
2025-04-20 16:49:57,086 [WARN] PackLoader:240 - Cannot read IP mode file for STMicroelectronics.X-CUBE-AZRTOS-L5.2.0.0
2025-04-20 16:49:57,152 [WARN] PackLoader:240 - Cannot read IP mode file for STMicroelectronics.X-CUBE-NFC6.3.1.0
2025-04-20 16:49:57,202 [WARN] PackLoader:240 - Cannot read IP mode file for STMicroelectronics.X-CUBE-DPower.1.2.0
2025-04-20 16:49:57,253 [WARN] PackLoader:240 - Cannot read IP mode file for STMicroelectronics.X-CUBE-FREERTOS.1.3.0
2025-04-20 16:49:57,286 [WARN] PackLoader:240 - Cannot read IP mode file for STMicroelectronics.X-CUBE-NFC7.1.0.1
2025-04-20 16:49:57,318 [WARN] PackLoader:240 - Cannot read IP mode file for STMicroelectronics.X-CUBE-DPower.1.3.0
2025-04-20 16:49:57,393 [WARN] ConditionMgr:438 - getConditionDescription Invalid condition id : LAN8742 Phy interface Condition cause : null
2025-04-20 16:49:57,393 [WARN] PackLoader:240 - Cannot read IP mode file for STMicroelectronics.X-CUBE-AZRTOS-L4.2.0.0
2025-04-20 16:49:57,401 [WARN] ConditionMgr:1044 - genDependencies : Invalid condition id : LAN8742 Phy interface Condition cause : null
2025-04-20 16:49:57,401 [WARN] ConditionMgr:1044 - genDependencies : Invalid condition id : LAN8742 Phy interface Condition cause : null
2025-04-20 16:49:57,401 [WARN] ConditionMgr:1044 - genDependencies : Invalid condition id : LAN8742 Phy interface Condition cause : null
2025-04-20 16:49:57,451 [WARN] PackLoader:240 - Cannot read IP mode file for STMicroelectronics.X-CUBE-SFXS2LP1.4.0.0
2025-04-20 16:49:57,533 [WARN] PackLoader:240 - Cannot read IP mode file for STMicroelectronics.X-CUBE-AZRTOS-H7.3.3.0
2025-04-20 16:49:57,665 [WARN] ConditionMgr:438 - getConditionDescription Invalid condition id : UX DEVICE CLASS RTOS Condition cause : null
2025-04-20 16:49:57,665 [WARN] ConditionMgr:438 - getConditionDescription Invalid condition id : UX DEVICE CLASS RTOS Condition cause : null
2025-04-20 16:49:57,682 [WARN] PackLoader:240 - Cannot read IP mode file for STMicroelectronics.X-CUBE-AZRTOS-WB.2.0.0
2025-04-20 16:49:57,682 [WARN] ConditionMgr:1044 - genDependencies : Invalid condition id : UX DEVICE CLASS RTOS Condition cause : null
2025-04-20 16:49:57,682 [WARN] ConditionMgr:1044 - genDependencies : Invalid condition id : UX DEVICE CLASS RTOS Condition cause : null
2025-04-20 16:49:57,682 [WARN] ConditionMgr:1044 - genDependencies : Invalid condition id : UX DEVICE CLASS RTOS Condition cause : null
2025-04-20 16:49:57,682 [WARN] ConditionMgr:1044 - genDependencies : Invalid condition id : UX DEVICE CLASS RTOS Condition cause : null
2025-04-20 16:49:57,690 [WARN] ConditionMgr:1044 - genDependencies : Invalid condition id : UX DEVICE CLASS RTOS Condition cause : null
2025-04-20 16:49:57,731 [WARN] PackLoader:240 - Cannot read IP mode file for STMicroelectronics.X-CUBE-GNSS1.7.0.1
2025-04-20 16:49:57,779 [WARN] PackLoader:240 - Cannot read IP mode file for STMicroelectronics.X-CUBE-TOUCHGFX.4.25.0
2025-04-20 16:49:57,833 [WARN] PackLoader:240 - Cannot read IP mode file for STMicroelectronics.FP-SNS-STBOX1.2.0.0
2025-04-20 16:49:57,892 [WARN] PackLoader:240 - Cannot read IP mode file for STMicroelectronics.X-CUBE-SUBG2.5.0.0
2025-04-20 16:49:57,999 [WARN] PackLoader:240 - Cannot read IP mode file for STMicroelectronics.X-CUBE-AZRTOS-H7RS.1.1.0
2025-04-20 16:49:58,040 [WARN] PackLoader:240 - Cannot read IP mode file for Cesanta.I-CUBE-Mongoose.7.13.0
2025-04-20 16:49:58,089 [WARN] PackLoader:240 - Cannot read IP mode file for STMicroelectronics.X-CUBE-AZRTOS-G4.2.0.0
2025-04-20 16:49:58,113 [WARN] PackLoader:240 - Cannot read IP mode file for wolfSSL.I-CUBE-wolfSSH.1.4.20
2025-04-20 16:49:58,156 [WARN] PackLoader:240 - Cannot read IP mode file for STMicroelectronics.X-CUBE-IPS.3.1.0
2025-04-20 16:49:58,189 [WARN] PackLoader:240 - Cannot read IP mode file for STMicroelectronics.X-CUBE-ALS.1.0.2
2025-04-20 16:49:58,213 [WARN] PackLoader:240 - Cannot read IP mode file for STMicroelectronics.X-CUBE-TOUCHGFX.4.24.2
2025-04-20 16:49:58,248 [WARN] PackLoader:240 - Cannot read IP mode file for portGmbH.I-Cube-SoM-uGOAL.1.1.0
2025-04-20 16:49:58,338 [WARN] PackLoader:240 - Cannot read IP mode file for STMicroelectronics.X-CUBE-AZRTOS-H7RS.1.0.0
2025-04-20 16:49:58,380 [WARN] PackLoader:240 - Cannot read IP mode file for STMicroelectronics.X-CUBE-TOF1.3.4.2
2025-04-20 16:49:58,421 [WARN] PackLoader:240 - Cannot read IP mode file for STMicroelectronics.X-CUBE-TOF1.3.4.3
2025-04-20 16:49:58,456 [INFO] ThirdParty:978 - Integrity check success = true
2025-04-20 16:49:58,464 [INFO] IntegrityCheckThread:100 - exiting critical section [integrity check]
2025-04-20 16:49:58,464 [INFO] IntegrityCheckThread:103 - End integrity checks thread
2025-04-20 17:06:24,081 [ERROR] LogOutputStream:75 - [STDERR_REDIRECT] 
2025-04-20 17:06:24,086 [ERROR] LogOutputStream:75 - [STDERR_REDIRECT] 
